Reading /mtitcl/vsim/pref.tcl 

# 10.2b

# vsim +EXTERNAL_ROM -do run.do -c tb_top 
# //  Questa Sim-64
# //  Version 10.2b linux_x86_64 May 16 2013
# //
# //  Copyright 1991-2013 Mentor Graphics Corporation
# //  All Rights Reserved.
# //
# //  THIS WORK CONTAINS TRADE SECRET AND PROPRIETARY INFORMATION
# //  WHICH IS THE PROPERTY OF MENTOR GRAPHICS CORPORATION OR ITS
# //  LICENSORS AND IS SUBJECT TO LICENSE TERMS.
# //
# Loading sv_std.std
# Loading work.tb_top(fast)
# Loading work.oc8051_top(fast)
# Loading work.tb_eth_top(fast)
# Loading work.AT45DB321(fast)
# do run.do 
# i : 02
# i : 00
# i : 08
# i : 12
# i : 00
# i : 64
# i : 80
# i : fe
# i : 75
# i : 81
# NOTE : Load memory with Initial delivery content
# NOTE : Initial Load End
# NOTE: COMMUNICATION (RE)STARTED
################################
# time                33776 Passed
################################
# ** Note: $finish    : ../tb/tb_top.v(448)
#    Time: 33876 ns  Iteration: 0  Instance: /tb_top
